<?xml version="1.0" encoding="UTF-8"?>
<testsuite xmlns:xsi="http://www.w3.org/2001/XMLSchema-instance" xsi:noNamespaceSchemaLocation="https://maven.apache.org/surefire/maven-surefire-plugin/xsd/surefire-test-report-3.0.xsd" version="3.0" name="mock.TestRunner" time="2.257" tests="4" errors="0" skipped="0" failures="0">
  <properties>
[...]
</properties>
  <testcase name="[1:6] JSON Structure Validation" classname="mock/tests-base" time="0.894">
    <system-out><![CDATA[00:42:15.687 INFO  com.intuit.karate.Runner - using system property 'karate.options': classpath:mock/tests-base.feature
]]></system-out>
  </testcase>
  <testcase name="[2.1:32] " classname="mock/tests-base" time="0.018"/>
  <testcase name="[2.2:33] " classname="mock/tests-base" time="0.017"/>
  <testcase name="[2.3:34] " classname="mock/tests-base" time="0.615">
    <system-out><![CDATA[---------------------------------------------------------
feature: classpath:mock/tests-base.feature
scenarios:  4 | passed:  4 | failed:  0 | time: 0.3984
---------------------------------------------------------

Karate version: 1.4.1
======================================================
elapsed:   1.63 | threads:    1 | thread time: 0.40 
features:     1 | skipped:    0 | efficiency: 0.24
scenarios:    4 | passed:     4 | failed: 0
======================================================

HTML report: (paste into browser to view) | Karate version: 1.4.1
file:///app/target/karate-reports/karate-summary.html
===================================================================

]]></system-out>
  </testcase>
</testsuite>